<?xml version="1.0" encoding="UTF-8"?>
<!-- Generated by org.testng.reporters.JUnitXMLReporter -->
<testsuite hostname="CBT-036" name="Test" tests="3" failures="0" timestamp="3 Sep 2016 12:55:36 GMT" time="33.951" errors="0">
  <testcase name="testScenarios" time="1.258" classname="delta.main.DeltaDriver"/>
  <testcase name="testScenarios" time="1.343" classname="delta.main.DeltaDriver"/>
  <testcase name="testScenarios" time="0.001" classname="delta.main.DeltaDriver">
    <skipped/>
  </testcase> <!-- testScenarios -->
</testsuite> <!-- Test -->
