<?xml version="1.0" encoding="UTF-8"?>
<testng-results skipped="4" failed="0" total="4" passed="0">
  <reporter-output>
  </reporter-output>
  <suite name="DeltaSuite" duration-ms="22865" started-at="2016-09-04T09:44:58Z" finished-at="2016-09-04T09:45:21Z">
    <groups>
    </groups>
    <test name="ChromeTest" duration-ms="22865" started-at="2016-09-04T09:44:58Z" finished-at="2016-09-04T09:45:21Z">
      <class name="delta.main.DeltaDriver">
        <test-method status="PASS" signature="initFrameWork()[pri:0, instance:delta.main.DeltaDriver@39aeed2f]" name="initFrameWork" is-config="true" duration-ms="229" started-at="2016-09-04T15:14:58Z" finished-at="2016-09-04T15:14:59Z">
          <reporter-output>
          </reporter-output>
        </test-method> <!-- initFrameWork -->
        <test-method status="FAIL" signature="launchApp(org.testng.xml.XmlTest)[pri:0, instance:delta.main.DeltaDriver@39aeed2f]" name="launchApp" is-config="true" duration-ms="0" started-at="2016-09-04T15:15:00Z" finished-at="2016-09-04T15:15:00Z">
          <params>
            <param index="0">
              <value>
                <![CDATA[[Test: "ChromeTest" verbose:1[parameters:browser=>chrome][metagroups:] [included: ][excluded: ]  classes:[XmlClass class=delta.main.DeltaDriver]  packages:] ]]>
              </value>
            </param>
          </params>
          <exception class="org.openqa.selenium.remote.UnreachableBrowserException">
            <message>
              <![CDATA[Could not start a new session. Possible causes are invalid address of the remote server or browser start-up failure.
Build info: version: '2.53.0', revision: '35ae25b', time: '2016-03-15 17:00:58'
System info: host: 'CBT-036', ip: '10.10.4.169', os.name: 'Windows 8.1', os.arch: 'amd64', os.version: '6.3', java.version: '1.8.0_73'
Driver info: driver.version: DeltaDriver]]>
            </message>
            <full-stacktrace>
              <![CDATA[org.openqa.selenium.remote.UnreachableBrowserException: Could not start a new session. Possible causes are invalid address of the remote server or browser start-up failure.
Build info: version: '2.53.0', revision: '35ae25b', time: '2016-03-15 17:00:58'
System info: host: 'CBT-036', ip: '10.10.4.169', os.name: 'Windows 8.1', os.arch: 'amd64', os.version: '6.3', java.version: '1.8.0_73'
Driver info: driver.version: DeltaDriver
	at org.openqa.selenium.remote.RemoteWebDriver.execute(RemoteWebDriver.java:665)
	at org.openqa.selenium.remote.RemoteWebDriver.startSession(RemoteWebDriver.java:249)
	at org.openqa.selenium.remote.RemoteWebDriver.<init>(RemoteWebDriver.java:131)
	at org.openqa.selenium.remote.RemoteWebDriver.<init>(RemoteWebDriver.java:158)
	at delta.main.DeltaDriver.launchApp(DeltaDriver.java:39)
	at sun.reflect.NativeMethodAccessorImpl.invoke0(Native Method)
	at sun.reflect.NativeMethodAccessorImpl.invoke(Unknown Source)
	at sun.reflect.DelegatingMethodAccessorImpl.invoke(Unknown Source)
	at java.lang.reflect.Method.invoke(Unknown Source)
	at org.testng.internal.MethodInvocationHelper.invokeMethod(MethodInvocationHelper.java:86)
	at org.testng.internal.Invoker.invokeConfigurationMethod(Invoker.java:515)
	at org.testng.internal.Invoker.invokeConfigurations(Invoker.java:216)
	at org.testng.internal.Invoker.invokeMethod(Invoker.java:590)
	at org.testng.internal.Invoker.invokeTestMethod(Invoker.java:823)
	at org.testng.internal.Invoker.invokeTestMethods(Invoker.java:1131)
	at org.testng.internal.TestMethodWorker.invokeTestMethods(TestMethodWorker.java:129)
	at org.testng.internal.TestMethodWorker.run(TestMethodWorker.java:112)
	at org.testng.TestRunner.privateRun(TestRunner.java:778)
	at org.testng.TestRunner.run(TestRunner.java:632)
	at org.testng.SuiteRunner.runTest(SuiteRunner.java:366)
	at org.testng.SuiteRunner.access$000(SuiteRunner.java:39)
	at org.testng.SuiteRunner$SuiteWorker.run(SuiteRunner.java:400)
	at org.testng.internal.thread.ThreadUtil$2.call(ThreadUtil.java:64)
	at java.util.concurrent.FutureTask.run(Unknown Source)
	at java.util.concurrent.ThreadPoolExecutor.runWorker(Unknown Source)
	at java.util.concurrent.ThreadPoolExecutor$Worker.run(Unknown Source)
	at java.lang.Thread.run(Unknown Source)
Caused by: org.apache.http.conn.HttpHostConnectException: Connect to 10.10.4.58:4444 [/10.10.4.58] failed: Connection timed out: connect
	at org.apache.http.impl.conn.DefaultHttpClientConnectionOperator.connect(DefaultHttpClientConnectionOperator.java:151)
	at org.apache.http.impl.conn.PoolingHttpClientConnectionManager.connect(PoolingHttpClientConnectionManager.java:353)
	at org.apache.http.impl.execchain.MainClientExec.establishRoute(MainClientExec.java:380)
	at org.apache.http.impl.execchain.MainClientExec.execute(MainClientExec.java:236)
	at org.apache.http.impl.execchain.ProtocolExec.execute(ProtocolExec.java:184)
	at org.apache.http.impl.execchain.RetryExec.execute(RetryExec.java:88)
	at org.apache.http.impl.execchain.RedirectExec.execute(RedirectExec.java:110)
	at org.apache.http.impl.client.InternalHttpClient.doExecute(InternalHttpClient.java:184)
	at org.apache.http.impl.client.CloseableHttpClient.execute(CloseableHttpClient.java:71)
	at org.apache.http.impl.client.CloseableHttpClient.execute(CloseableHttpClient.java:55)
	at org.openqa.selenium.remote.internal.ApacheHttpClient.fallBackExecute(ApacheHttpClient.java:144)
	at org.openqa.selenium.remote.internal.ApacheHttpClient.execute(ApacheHttpClient.java:90)
	at org.openqa.selenium.remote.HttpCommandExecutor.execute(HttpCommandExecutor.java:142)
	at org.openqa.selenium.remote.RemoteWebDriver.execute(RemoteWebDriver.java:644)
	... 26 more
Caused by: java.net.ConnectException: Connection timed out: connect
	at java.net.DualStackPlainSocketImpl.waitForConnect(Native Method)
	at java.net.DualStackPlainSocketImpl.socketConnect(Unknown Source)
	at java.net.AbstractPlainSocketImpl.doConnect(Unknown Source)
	at java.net.AbstractPlainSocketImpl.connectToAddress(Unknown Source)
	at java.net.AbstractPlainSocketImpl.connect(Unknown Source)
	at java.net.PlainSocketImpl.connect(Unknown Source)
	at java.net.SocksSocketImpl.connect(Unknown Source)
	at java.net.Socket.connect(Unknown Source)
	at org.apache.http.conn.socket.PlainConnectionSocketFactory.connectSocket(PlainConnectionSocketFactory.java:74)
	at org.apache.http.impl.conn.DefaultHttpClientConnectionOperator.connect(DefaultHttpClientConnectionOperator.java:134)
	... 39 more
]]>
            </full-stacktrace>
          </exception> <!-- org.openqa.selenium.remote.UnreachableBrowserException -->
          <reporter-output>
          </reporter-output>
        </test-method> <!-- launchApp -->
        <test-method status="SKIP" signature="testScenarios(java.lang.String, java.lang.String)[pri:0, instance:delta.main.DeltaDriver@39aeed2f]" name="testScenarios" duration-ms="3" started-at="2016-09-04T15:15:21Z" data-provider="getScenarios" finished-at="2016-09-04T15:15:21Z">
          <params>
            <param index="0">
              <value>
                <![CDATA[Scenario1]]>
              </value>
            </param>
            <param index="1">
              <value>
                <![CDATA[yes]]>
              </value>
            </param>
          </params>
          <reporter-output>
          </reporter-output>
        </test-method> <!-- testScenarios -->
        <test-method status="SKIP" signature="quitApp(org.testng.ITestResult)[pri:0, instance:delta.main.DeltaDriver@39aeed2f]" name="quitApp" is-config="true" duration-ms="0" started-at="2016-09-04T15:15:21Z" finished-at="2016-09-04T15:15:21Z">
          <reporter-output>
          </reporter-output>
        </test-method> <!-- quitApp -->
        <test-method status="SKIP" signature="launchApp(org.testng.xml.XmlTest)[pri:0, instance:delta.main.DeltaDriver@39aeed2f]" name="launchApp" is-config="true" duration-ms="0" started-at="2016-09-04T15:15:21Z" finished-at="2016-09-04T15:15:21Z">
          <reporter-output>
          </reporter-output>
        </test-method> <!-- launchApp -->
        <test-method status="SKIP" signature="testScenarios(java.lang.String, java.lang.String)[pri:0, instance:delta.main.DeltaDriver@39aeed2f]" name="testScenarios" duration-ms="2" started-at="2016-09-04T15:15:21Z" data-provider="getScenarios" finished-at="2016-09-04T15:15:21Z">
          <params>
            <param index="0">
              <value>
                <![CDATA[Scenario2]]>
              </value>
            </param>
            <param index="1">
              <value>
                <![CDATA[yes]]>
              </value>
            </param>
          </params>
          <reporter-output>
          </reporter-output>
        </test-method> <!-- testScenarios -->
        <test-method status="SKIP" signature="quitApp(org.testng.ITestResult)[pri:0, instance:delta.main.DeltaDriver@39aeed2f]" name="quitApp" is-config="true" duration-ms="0" started-at="2016-09-04T15:15:21Z" finished-at="2016-09-04T15:15:21Z">
          <reporter-output>
          </reporter-output>
        </test-method> <!-- quitApp -->
        <test-method status="SKIP" signature="endFrameWork()[pri:0, instance:delta.main.DeltaDriver@39aeed2f]" name="endFrameWork" is-config="true" duration-ms="0" started-at="2016-09-04T15:15:21Z" finished-at="2016-09-04T15:15:21Z">
          <reporter-output>
          </reporter-output>
        </test-method> <!-- endFrameWork -->
      </class> <!-- delta.main.DeltaDriver -->
    </test> <!-- ChromeTest -->
    <test name="FirefoxTest" duration-ms="22864" started-at="2016-09-04T09:44:58Z" finished-at="2016-09-04T09:45:21Z">
      <class name="delta.main.DeltaDriver">
        <test-method status="PASS" signature="initFrameWork()[pri:0, instance:delta.main.DeltaDriver@5e5792a0]" name="initFrameWork" is-config="true" duration-ms="229" started-at="2016-09-04T15:14:58Z" finished-at="2016-09-04T15:14:59Z">
          <reporter-output>
          </reporter-output>
        </test-method> <!-- initFrameWork -->
        <test-method status="FAIL" signature="launchApp(org.testng.xml.XmlTest)[pri:0, instance:delta.main.DeltaDriver@5e5792a0]" name="launchApp" is-config="true" duration-ms="0" started-at="2016-09-04T15:15:00Z" finished-at="2016-09-04T15:15:00Z">
          <params>
            <param index="0">
              <value>
                <![CDATA[[Test: "FirefoxTest" verbose:1[parameters:browser=>firefox][metagroups:] [included: ][excluded: ]  classes:[XmlClass class=delta.main.DeltaDriver]  packages:] ]]>
              </value>
            </param>
          </params>
          <exception class="org.openqa.selenium.remote.UnreachableBrowserException">
            <message>
              <![CDATA[Could not start a new session. Possible causes are invalid address of the remote server or browser start-up failure.
Build info: version: '2.53.0', revision: '35ae25b', time: '2016-03-15 17:00:58'
System info: host: 'CBT-036', ip: '10.10.4.169', os.name: 'Windows 8.1', os.arch: 'amd64', os.version: '6.3', java.version: '1.8.0_73'
Driver info: driver.version: DeltaDriver]]>
            </message>
            <full-stacktrace>
              <![CDATA[org.openqa.selenium.remote.UnreachableBrowserException: Could not start a new session. Possible causes are invalid address of the remote server or browser start-up failure.
Build info: version: '2.53.0', revision: '35ae25b', time: '2016-03-15 17:00:58'
System info: host: 'CBT-036', ip: '10.10.4.169', os.name: 'Windows 8.1', os.arch: 'amd64', os.version: '6.3', java.version: '1.8.0_73'
Driver info: driver.version: DeltaDriver
	at org.openqa.selenium.remote.RemoteWebDriver.execute(RemoteWebDriver.java:665)
	at org.openqa.selenium.remote.RemoteWebDriver.startSession(RemoteWebDriver.java:249)
	at org.openqa.selenium.remote.RemoteWebDriver.<init>(RemoteWebDriver.java:131)
	at org.openqa.selenium.remote.RemoteWebDriver.<init>(RemoteWebDriver.java:158)
	at delta.main.DeltaDriver.launchApp(DeltaDriver.java:39)
	at sun.reflect.NativeMethodAccessorImpl.invoke0(Native Method)
	at sun.reflect.NativeMethodAccessorImpl.invoke(Unknown Source)
	at sun.reflect.DelegatingMethodAccessorImpl.invoke(Unknown Source)
	at java.lang.reflect.Method.invoke(Unknown Source)
	at org.testng.internal.MethodInvocationHelper.invokeMethod(MethodInvocationHelper.java:86)
	at org.testng.internal.Invoker.invokeConfigurationMethod(Invoker.java:515)
	at org.testng.internal.Invoker.invokeConfigurations(Invoker.java:216)
	at org.testng.internal.Invoker.invokeMethod(Invoker.java:590)
	at org.testng.internal.Invoker.invokeTestMethod(Invoker.java:823)
	at org.testng.internal.Invoker.invokeTestMethods(Invoker.java:1131)
	at org.testng.internal.TestMethodWorker.invokeTestMethods(TestMethodWorker.java:129)
	at org.testng.internal.TestMethodWorker.run(TestMethodWorker.java:112)
	at org.testng.TestRunner.privateRun(TestRunner.java:778)
	at org.testng.TestRunner.run(TestRunner.java:632)
	at org.testng.SuiteRunner.runTest(SuiteRunner.java:366)
	at org.testng.SuiteRunner.access$000(SuiteRunner.java:39)
	at org.testng.SuiteRunner$SuiteWorker.run(SuiteRunner.java:400)
	at org.testng.internal.thread.ThreadUtil$2.call(ThreadUtil.java:64)
	at java.util.concurrent.FutureTask.run(Unknown Source)
	at java.util.concurrent.ThreadPoolExecutor.runWorker(Unknown Source)
	at java.util.concurrent.ThreadPoolExecutor$Worker.run(Unknown Source)
	at java.lang.Thread.run(Unknown Source)
Caused by: org.apache.http.conn.HttpHostConnectException: Connect to 10.10.4.58:4444 [/10.10.4.58] failed: Connection timed out: connect
	at org.apache.http.impl.conn.DefaultHttpClientConnectionOperator.connect(DefaultHttpClientConnectionOperator.java:151)
	at org.apache.http.impl.conn.PoolingHttpClientConnectionManager.connect(PoolingHttpClientConnectionManager.java:353)
	at org.apache.http.impl.execchain.MainClientExec.establishRoute(MainClientExec.java:380)
	at org.apache.http.impl.execchain.MainClientExec.execute(MainClientExec.java:236)
	at org.apache.http.impl.execchain.ProtocolExec.execute(ProtocolExec.java:184)
	at org.apache.http.impl.execchain.RetryExec.execute(RetryExec.java:88)
	at org.apache.http.impl.execchain.RedirectExec.execute(RedirectExec.java:110)
	at org.apache.http.impl.client.InternalHttpClient.doExecute(InternalHttpClient.java:184)
	at org.apache.http.impl.client.CloseableHttpClient.execute(CloseableHttpClient.java:71)
	at org.apache.http.impl.client.CloseableHttpClient.execute(CloseableHttpClient.java:55)
	at org.openqa.selenium.remote.internal.ApacheHttpClient.fallBackExecute(ApacheHttpClient.java:144)
	at org.openqa.selenium.remote.internal.ApacheHttpClient.execute(ApacheHttpClient.java:90)
	at org.openqa.selenium.remote.HttpCommandExecutor.execute(HttpCommandExecutor.java:142)
	at org.openqa.selenium.remote.RemoteWebDriver.execute(RemoteWebDriver.java:644)
	... 26 more
Caused by: java.net.ConnectException: Connection timed out: connect
	at java.net.DualStackPlainSocketImpl.waitForConnect(Native Method)
	at java.net.DualStackPlainSocketImpl.socketConnect(Unknown Source)
	at java.net.AbstractPlainSocketImpl.doConnect(Unknown Source)
	at java.net.AbstractPlainSocketImpl.connectToAddress(Unknown Source)
	at java.net.AbstractPlainSocketImpl.connect(Unknown Source)
	at java.net.PlainSocketImpl.connect(Unknown Source)
	at java.net.SocksSocketImpl.connect(Unknown Source)
	at java.net.Socket.connect(Unknown Source)
	at org.apache.http.conn.socket.PlainConnectionSocketFactory.connectSocket(PlainConnectionSocketFactory.java:74)
	at org.apache.http.impl.conn.DefaultHttpClientConnectionOperator.connect(DefaultHttpClientConnectionOperator.java:134)
	... 39 more
]]>
            </full-stacktrace>
          </exception> <!-- org.openqa.selenium.remote.UnreachableBrowserException -->
          <reporter-output>
          </reporter-output>
        </test-method> <!-- launchApp -->
        <test-method status="SKIP" signature="testScenarios(java.lang.String, java.lang.String)[pri:0, instance:delta.main.DeltaDriver@5e5792a0]" name="testScenarios" duration-ms="2" started-at="2016-09-04T15:15:21Z" data-provider="getScenarios" finished-at="2016-09-04T15:15:21Z">
          <params>
            <param index="0">
              <value>
                <![CDATA[Scenario1]]>
              </value>
            </param>
            <param index="1">
              <value>
                <![CDATA[yes]]>
              </value>
            </param>
          </params>
          <reporter-output>
          </reporter-output>
        </test-method> <!-- testScenarios -->
        <test-method status="SKIP" signature="quitApp(org.testng.ITestResult)[pri:0, instance:delta.main.DeltaDriver@5e5792a0]" name="quitApp" is-config="true" duration-ms="0" started-at="2016-09-04T15:15:21Z" finished-at="2016-09-04T15:15:21Z">
          <reporter-output>
          </reporter-output>
        </test-method> <!-- quitApp -->
        <test-method status="SKIP" signature="launchApp(org.testng.xml.XmlTest)[pri:0, instance:delta.main.DeltaDriver@5e5792a0]" name="launchApp" is-config="true" duration-ms="0" started-at="2016-09-04T15:15:21Z" finished-at="2016-09-04T15:15:21Z">
          <reporter-output>
          </reporter-output>
        </test-method> <!-- launchApp -->
        <test-method status="SKIP" signature="testScenarios(java.lang.String, java.lang.String)[pri:0, instance:delta.main.DeltaDriver@5e5792a0]" name="testScenarios" duration-ms="2" started-at="2016-09-04T15:15:21Z" data-provider="getScenarios" finished-at="2016-09-04T15:15:21Z">
          <params>
            <param index="0">
              <value>
                <![CDATA[Scenario2]]>
              </value>
            </param>
            <param index="1">
              <value>
                <![CDATA[yes]]>
              </value>
            </param>
          </params>
          <reporter-output>
          </reporter-output>
        </test-method> <!-- testScenarios -->
        <test-method status="SKIP" signature="quitApp(org.testng.ITestResult)[pri:0, instance:delta.main.DeltaDriver@5e5792a0]" name="quitApp" is-config="true" duration-ms="0" started-at="2016-09-04T15:15:21Z" finished-at="2016-09-04T15:15:21Z">
          <reporter-output>
          </reporter-output>
        </test-method> <!-- quitApp -->
        <test-method status="SKIP" signature="endFrameWork()[pri:0, instance:delta.main.DeltaDriver@5e5792a0]" name="endFrameWork" is-config="true" duration-ms="0" started-at="2016-09-04T15:15:21Z" finished-at="2016-09-04T15:15:21Z">
          <reporter-output>
          </reporter-output>
        </test-method> <!-- endFrameWork -->
      </class> <!-- delta.main.DeltaDriver -->
    </test> <!-- FirefoxTest -->
  </suite> <!-- DeltaSuite -->
</testng-results>
